<?xml version="1.0" encoding="UTF-8"?>
<!-- Generated by org.testng.reporters.JUnitReportReporter -->
<testsuite skipped="0" hostname="EliteLinkinSoft" name="Objects.Browser" tests="1" failures="0" timestamp="28 Mar 2018 19:26:26 GMT" time="22.286" errors="0">
  <testcase name="browserm" time="22.286" classname="Objects.Browser"/>
</testsuite> <!-- Objects.Browser -->
