<?xml version="1.0" encoding="UTF-8"?>
<!-- Generated by org.testng.reporters.JUnitReportReporter -->
<testsuite skipped="0" hostname="EliteLinkinSoft" name="Objects.RegisBrowser" tests="1" failures="0" timestamp="28 Mar 2018 19:31:05 GMT" time="8.288" errors="0">
  <testcase name="browserm" time="8.288" classname="Objects.RegisBrowser"/>
</testsuite> <!-- Objects.RegisBrowser -->
