<?xml version="1.0" encoding="UTF-8"?>
<!-- Generated by org.testng.reporters.JUnitReportReporter -->
<testsuite skipped="0" hostname="EliteLinkinSoft" name="bookstore.Objects" tests="1" failures="0" timestamp="23 Mar 2018 19:54:01 GMT" time="9.582" errors="0">
  <testcase name="carousel" time="9.582" classname="bookstore.Objects"/>
</testsuite> <!-- bookstore.Objects -->
