<?xml version="1.0" encoding="UTF-8"?>
<!-- Generated by org.testng.reporters.JUnitReportReporter -->
<testsuite skipped="0" hostname="EliteLinkinSoft" name="bookstore.Browser" tests="1" failures="0" timestamp="23 Mar 2018 22:10:04 GMT" time="8.897" errors="0">
  <testcase name="carousel" time="8.897" classname="bookstore.Browser"/>
</testsuite> <!-- bookstore.Browser -->
